--------------- Rebuild Started: 12/12/2025 09:48:10 Project: Design01, Configuration: ARM GCC 5.4-2016-q2-update Debug ---------------
Deleting file ".\Design01.rpt"
cydsfit.exe -.appdatapath "C:\Users\aa4154\AppData\Local\Cypress Semiconductor\PSoC Creator\4.4" -.fdsnotice -.fdswarpdepfile=warp_dependencies.txt -.fdselabdepfile=elab_dependencies.txt -.fdsbldfile=generated_files.txt -.fdsreffile=referenced_files.txt -p "C:\Users\aa4154\Documents\PSoC Creator\Workspace01\Design01.cydsn\Design01.cyprj" -d CY8C5868AXI-LP035 -s "C:\Users\aa4154\Documents\PSoC Creator\Workspace01\Design01.cydsn\Generated_Source\PSoC5" -- -yv2 -q10 -ygs -o2 -v3 -.fftcfgtype=LE
Elaborating Design...
ADD: sdb.M0018: error: Multiple drivers on signal "Net_394", bit(s) "0".
 * C:\Users\aa4154\Documents\PSoC Creator\Workspace01\Design01.cydsn\TopDesign\TopDesign.cysch (Signal: Net_394)
 * C:\Users\aa4154\Documents\PSoC Creator\Workspace01\Design01.cydsn\TopDesign\TopDesign.cysch (Shape_66.8)
 * C:\Users\aa4154\Documents\PSoC Creator\Workspace01\Design01.cydsn\TopDesign\TopDesign.cysch (Shape_67.23)
 * C:\Users\aa4154\Documents\PSoC Creator\Workspace01\Design01.cydsn\TopDesign\TopDesign.cysch (Shape_72)
 * C:\Users\aa4154\Documents\PSoC Creator\Workspace01\Design01.cydsn\TopDesign\TopDesign.cysch (Shape_73)
ADD: fit.M0032: warning: Clock Warning: (Clock_2's accuracy range '12 MHz +/- 1%, (11.88 MHz - 12.12 MHz)' is not within the specified tolerance range '10 MHz +/- 5%, (9.5 MHz - 10.5 MHz)'.).
 * C:\Users\aa4154\Documents\PSoC Creator\Workspace01\Design01.cydsn\Design01.cydwr (Clock_2)
 * C:\Users\aa4154\Documents\PSoC Creator\Workspace01\Design01.cydsn\TopDesign\TopDesign.cysch (Instance:Clock_2)
ADD: fit.M0032: warning: Clock Warning: (Clock_3's accuracy range '12 MHz +/- 1%, (11.88 MHz - 12.12 MHz)' is not within the specified tolerance range '10 MHz +/- 5%, (9.5 MHz - 10.5 MHz)'.).
 * C:\Users\aa4154\Documents\PSoC Creator\Workspace01\Design01.cydsn\Design01.cydwr (Clock_3)
 * C:\Users\aa4154\Documents\PSoC Creator\Workspace01\Design01.cydsn\TopDesign\TopDesign.cysch (Instance:Clock_3)
ADD: fit.M0032: warning: Clock Warning: (Clock_4's accuracy range '12 MHz +/- 1%, (11.88 MHz - 12.12 MHz)' is not within the specified tolerance range '10 MHz +/- 5%, (9.5 MHz - 10.5 MHz)'.).
 * C:\Users\aa4154\Documents\PSoC Creator\Workspace01\Design01.cydsn\Design01.cydwr (Clock_4)
 * C:\Users\aa4154\Documents\PSoC Creator\Workspace01\Design01.cydsn\TopDesign\TopDesign.cysch (Instance:Clock_4)
Error: fit.M0050: The fitter aborted due to errors, please address all errors and rebuild. (App=cydsfit)
--------------- Rebuild Failed: 12/12/2025 09:48:16 ---------------
